<?xml version="1.0" encoding="UTF-8"?>
<!-- Generated by org.testng.reporters.JUnitXMLReporter -->
<testsuite ignored="0" hostname="INLWR7PB1D" failures="1" tests="1" name="Default test" time="9.296" errors="0" timestamp="2024-07-18T16:00:21 IST">
  <testcase classname="io.cucumber.testng.AbstractTestNGCucumberTests" name="runScenario" time="8.682">
    <failure type="java.lang.NullPointerException" message="Cannot invoke &amp;quot;RahulshettyUdemy.Pageobjects.Login.Loginintoappl(String, String)&amp;quot; because &amp;quot;this.login&amp;quot; is null">
      <![CDATA[java.lang.NullPointerException: Cannot invoke "RahulshettyUdemy.Pageobjects.Login.Loginintoappl(String, String)" because "this.login" is null
at RahulshettyUdemy.stepDefinitions.Cancelbetsstepdef.Logged_in_with_username_and_password(Cancelbetsstepdef.java:27)
at ✽.Logged in with username s.c.Bct.Admin and password Welcome@1234(file:///C:/Preethi/New%20Workspace/Selenium/src/test/java/Cucumber/Cancelbets.feature:11)
]]>
    </failure>
  </testcase> <!-- runScenario -->
</testsuite> <!-- Default test -->
