<?xml version="1.0" encoding="UTF-8"?>
<testng-results ignored="0" total="2" passed="2" failed="0" skipped="0">
  <reporter-output>
  </reporter-output>
  <suite started-at="2024-07-04T15:55:44 IST" name="Suite" finished-at="2024-07-04T15:56:30 IST" duration-ms="46599">
    <groups>
      <group name="Cancelbets">
        <method signature="Cancelbets.Cancelbets(java.util.HashMap)[pri:0, instance:RahulshettyUdemy.tests.Cancelbets@710636b0]" name="Cancelbets" class="RahulshettyUdemy.tests.Cancelbets"/>
      </group> <!-- Cancelbets -->
    </groups>
    <test started-at="2024-07-04T15:55:44 IST" name="Cancelbets" finished-at="2024-07-04T15:56:30 IST" duration-ms="46599">
      <class name="RahulshettyUdemy.tests.Cancelbets">
        <test-method is-config="true" signature="LaunchApp()[pri:0, instance:RahulshettyUdemy.tests.Cancelbets@710636b0]" started-at="2024-07-04T15:55:44 IST" name="LaunchApp" finished-at="2024-07-04T15:55:53 IST" duration-ms="8442" status="PASS">
          <reporter-output>
          </reporter-output>
        </test-method> <!-- LaunchApp -->
        <test-method signature="Cancelbets(java.util.HashMap)[pri:0, instance:RahulshettyUdemy.tests.Cancelbets@710636b0]" started-at="2024-07-04T15:55:53 IST" name="Cancelbets" data-provider="getData" finished-at="2024-07-04T15:56:06 IST" duration-ms="13679" status="PASS">
          <params>
            <param index="0">
              <value>
                <![CDATA[{password=Welcome@1234, betnumber=1ZKS4594KK, username=s.c.Bct.Admin}]]>
              </value>
            </param>
          </params>
          <reporter-output>
          </reporter-output>
        </test-method> <!-- Cancelbets -->
        <test-method is-config="true" signature="teardown()[pri:0, instance:RahulshettyUdemy.tests.Cancelbets@710636b0]" started-at="2024-07-04T15:56:06 IST" name="teardown" finished-at="2024-07-04T15:56:07 IST" duration-ms="688" status="PASS">
          <reporter-output>
          </reporter-output>
        </test-method> <!-- teardown -->
        <test-method is-config="true" signature="LaunchApp()[pri:0, instance:RahulshettyUdemy.tests.Cancelbets@710636b0]" started-at="2024-07-04T15:56:07 IST" name="LaunchApp" finished-at="2024-07-04T15:56:14 IST" duration-ms="6998" status="PASS">
          <reporter-output>
          </reporter-output>
        </test-method> <!-- LaunchApp -->
        <test-method signature="Cancelbets(java.util.HashMap)[pri:0, instance:RahulshettyUdemy.tests.Cancelbets@710636b0]" started-at="2024-07-04T15:56:14 IST" name="Cancelbets" data-provider="getData" finished-at="2024-07-04T15:56:28 IST" duration-ms="14062" status="PASS">
          <params>
            <param index="0">
              <value>
                <![CDATA[{password=Welcome@12345, betnumber=1ZKS4594KK, username=s.c.Bct.User}]]>
              </value>
            </param>
          </params>
          <reporter-output>
          </reporter-output>
        </test-method> <!-- Cancelbets -->
        <test-method is-config="true" signature="teardown()[pri:0, instance:RahulshettyUdemy.tests.Cancelbets@710636b0]" started-at="2024-07-04T15:56:28 IST" name="teardown" finished-at="2024-07-04T15:56:30 IST" duration-ms="2324" status="PASS">
          <reporter-output>
          </reporter-output>
        </test-method> <!-- teardown -->
      </class> <!-- RahulshettyUdemy.tests.Cancelbets -->
    </test> <!-- Cancelbets -->
  </suite> <!-- Suite -->
</testng-results>
