<?xml version="1.0" encoding="UTF-8"?>
<testng-results ignored="0" total="1" passed="0" failed="1" skipped="0">
  <reporter-output>
  </reporter-output>
  <suite started-at="2024-07-18T16:00:11 IST" name="Default suite" finished-at="2024-07-18T16:00:21 IST" duration-ms="9296">
    <groups>
      <group name="cucumber">
        <method signature="AbstractTestNGCucumberTests.runScenario(io.cucumber.testng.PickleWrapper,io.cucumber.testng.FeatureWrapper)[pri:0, instance:Cucumber.TestNGTestRunner@2de23121]" name="runScenario" class="io.cucumber.testng.AbstractTestNGCucumberTests"/>
      </group> <!-- cucumber -->
    </groups>
    <test started-at="2024-07-18T16:00:11 IST" name="Default test" finished-at="2024-07-18T16:00:21 IST" duration-ms="9296">
      <class name="Cucumber.TestNGTestRunner">
        <test-method is-config="true" signature="setUpClass(org.testng.ITestContext)[pri:0, instance:Cucumber.TestNGTestRunner@2de23121]" started-at="2024-07-18T16:00:11 IST" name="setUpClass" finished-at="2024-07-18T16:00:12 IST" duration-ms="494" status="PASS">
          <params>
            <param index="0">
              <value>
                <![CDATA[org.testng.TestRunner@5d43409a]]>
              </value>
            </param>
          </params>
          <reporter-output>
          </reporter-output>
        </test-method> <!-- setUpClass -->
        <test-method signature="runScenario(io.cucumber.testng.PickleWrapper,io.cucumber.testng.FeatureWrapper)[pri:0, instance:Cucumber.TestNGTestRunner@2de23121]" started-at="2024-07-18T16:00:12 IST" name="runScenario" description="Runs Cucumber Scenarios" data-provider="scenarios" finished-at="2024-07-18T16:00:20 IST" duration-ms="8682" status="FAIL">
          <params>
            <param index="0">
              <value>
                <![CDATA["Cancel a bet"]]>
              </value>
            </param>
            <param index="1">
              <value>
                <![CDATA["Cancelling the bets"]]>
              </value>
            </param>
          </params>
          <exception class="java.lang.NullPointerException">
            <message>
              <![CDATA[Cannot invoke "RahulshettyUdemy.Pageobjects.Login.Loginintoappl(String, String)" because "this.login" is null]]>
            </message>
            <full-stacktrace>
              <![CDATA[java.lang.NullPointerException: Cannot invoke "RahulshettyUdemy.Pageobjects.Login.Loginintoappl(String, String)" because "this.login" is null
at RahulshettyUdemy.stepDefinitions.Cancelbetsstepdef.Logged_in_with_username_and_password(Cancelbetsstepdef.java:27)
at ✽.Logged in with username s.c.Bct.Admin and password Welcome@1234(file:///C:/Preethi/New%20Workspace/Selenium/src/test/java/Cucumber/Cancelbets.feature:11)
]]>
            </full-stacktrace>
          </exception> <!-- java.lang.NullPointerException -->
          <reporter-output>
          </reporter-output>
        </test-method> <!-- runScenario -->
        <test-method is-config="true" signature="tearDownClass()[pri:0, instance:Cucumber.TestNGTestRunner@2de23121]" started-at="2024-07-18T16:00:20 IST" name="tearDownClass" finished-at="2024-07-18T16:00:21 IST" duration-ms="66" status="PASS">
          <reporter-output>
          </reporter-output>
        </test-method> <!-- tearDownClass -->
      </class> <!-- Cucumber.TestNGTestRunner -->
    </test> <!-- Default test -->
  </suite> <!-- Default suite -->
</testng-results>
