<?xml version="1.0" encoding="UTF-8"?>
<!-- Generated by org.testng.reporters.JUnitReportReporter -->
<testsuite hostname="INLWR7PB1D" failures="0" tests="1" name="Cucumber.TestNGTestRunner" time="8.682" errors="1" timestamp="2024-07-18T16:00:21 IST" skipped="0">
  <testcase classname="Cucumber.TestNGTestRunner" name="runScenario" time="8.682">
    <error message="Cannot invoke &quot;RahulshettyUdemy.Pageobjects.Login.Loginintoappl(String, String)&quot; because &quot;this.login&quot; is null" type="java.lang.NullPointerException">
      <![CDATA[java.lang.NullPointerException: Cannot invoke "RahulshettyUdemy.Pageobjects.Login.Loginintoappl(String, String)" because "this.login" is null
at RahulshettyUdemy.stepDefinitions.Cancelbetsstepdef.Logged_in_with_username_and_password(Cancelbetsstepdef.java:27)
at ✽.Logged in with username s.c.Bct.Admin and password Welcome@1234(file:///C:/Preethi/New%20Workspace/Selenium/src/test/java/Cucumber/Cancelbets.feature:11)
]]>
    </error>
  </testcase> <!-- runScenario -->
</testsuite> <!-- Cucumber.TestNGTestRunner -->
